# JRE version: OpenJDK Runtime Environment (11.0.1.6+7) (build 11.0.1.6+7-201901011603)
# Java VM: Dynamic Code Evolution 64-Bit Server VM (11.0.1.6+7-201901011603, mixed mode, tiered, compressed oops, serial gc, windows-amd64)
Heap:
 def new generation   total 77568K, used 21729K [0x00000000e0000000, 0x00000000e5420000, 0x00000000eaaa0000)
  eden space 68992K,  25% used [0x00000000e0000000, 0x00000000e1112120, 0x00000000e4360000)
  from space 8576K,  49% used [0x00000000e4360000, 0x00000000e47866b8, 0x00000000e4bc0000)
  to   space 8576K,   0% used [0x00000000e4bc0000, 0x00000000e4bc0000, 0x00000000e5420000)
 tenured generation   total 172032K, used 39724K [0x00000000eaaa0000, 0x00000000f52a0000, 0x0000000100000000)
   the space 172032K,  23% used [0x00000000eaaa0000, 0x00000000ed16b3e8, 0x00000000ed16b400, 0x00000000f52a0000)
 Metaspace       used 53012K, capacity 53978K, committed 54232K, reserved 303104K
  class space    used 6599K, capacity 6910K, committed 6912K, reserved 253952K
GC Heap History (10 events):
Event: 6.258 GC heap before
{Heap before GC invocations=13 (full 2):
 def new generation   total 77568K, used 74957K [0x00000000e0000000, 0x00000000e5420000, 0x00000000eaaa0000)
  eden space 68992K, 100% used [0x00000000e0000000, 0x00000000e4360000, 0x00000000e4360000)
  from space 8576K,  69% used [0x00000000e4bc0000, 0x00000000e5193518, 0x00000000e5420000)
  to   space 8576K,   0% used [0x00000000e4360000, 0x00000000e4360000, 0x00000000e4bc0000)
 tenured generation   total 172032K, used 33935K [0x00000000eaaa0000, 0x00000000f52a0000, 0x0000000100000000)
   the space 172032K,  19% used [0x00000000eaaa0000, 0x00000000ecbc3f08, 0x00000000ecbc4000, 0x00000000f52a0000)
 Metaspace       used 47707K, capacity 48508K, committed 48600K, reserved 296960K
  class space    used 6043K, capacity 6339K, committed 6400K, reserved 253952K
}
Event: 6.269 GC heap after
{Heap after GC invocations=14 (full 2):
 def new generation   total 77568K, used 3031K [0x00000000e0000000, 0x00000000e5420000, 0x00000000eaaa0000)
  eden space 68992K,   0% used [0x00000000e0000000, 0x00000000e0000000, 0x00000000e4360000)
  from space 8576K,  35% used [0x00000000e4360000, 0x00000000e4655ca8, 0x00000000e4bc0000)
  to   space 8576K,   0% used [0x00000000e4bc0000, 0x00000000e4bc0000, 0x00000000e5420000)
 tenured generation   total 172032K, used 36726K [0x00000000eaaa0000, 0x00000000f52a0000, 0x0000000100000000)
   the space 172032K,  21% used [0x00000000eaaa0000, 0x00000000ece7d8e0, 0x00000000ece7da00, 0x00000000f52a0000)
 Metaspace       used 47707K, capacity 48508K, committed 48600K, reserved 296960K
  class space    used 6043K, capacity 6339K, committed 6400K, reserved 253952K
}
Event: 6.517 GC heap before
{Heap before GC invocations=14 (full 2):
 def new generation   total 77568K, used 72023K [0x00000000e0000000, 0x00000000e5420000, 0x00000000eaaa0000)
  eden space 68992K, 100% used [0x00000000e0000000, 0x00000000e4360000, 0x00000000e4360000)
  from space 8576K,  35% used [0x00000000e4360000, 0x00000000e4655ca8, 0x00000000e4bc0000)
  to   space 8576K,   0% used [0x00000000e4bc0000, 0x00000000e4bc0000, 0x00000000e5420000)
 tenured generation   total 172032K, used 36726K [0x00000000eaaa0000, 0x00000000f52a0000, 0x0000000100000000)
   the space 172032K,  21% used [0x00000000eaaa0000, 0x00000000ece7d8e0, 0x00000000ece7da00, 0x00000000f52a0000)
 Metaspace       used 50733K, capacity 51667K, committed 51672K, reserved 299008K
  class space    used 6330K, capacity 6651K, committed 6656K, reserved 253952K
}
Event: 6.527 GC heap after
{Heap after GC invocations=15 (full 2):
 def new generation   total 77568K, used 4361K [0x00000000e0000000, 0x00000000e5420000, 0x00000000eaaa0000)
  eden space 68992K,   0% used [0x00000000e0000000, 0x00000000e0000000, 0x00000000e4360000)
  from space 8576K,  50% used [0x00000000e4bc0000, 0x00000000e5002668, 0x00000000e5420000)
  to   space 8576K,   0% used [0x00000000e4360000, 0x00000000e4360000, 0x00000000e4bc0000)
 tenured generation   total 172032K, used 36726K [0x00000000eaaa0000, 0x00000000f52a0000, 0x0000000100000000)
   the space 172032K,  21% used [0x00000000eaaa0000, 0x00000000ece7d8e0, 0x00000000ece7da00, 0x00000000f52a0000)
 Metaspace       used 50733K, capacity 51667K, committed 51672K, reserved 299008K
  class space    used 6330K, capacity 6651K, committed 6656K, reserved 253952K
}
Event: 6.867 GC heap before
{Heap before GC invocations=15 (full 2):
 def new generation   total 77568K, used 73353K [0x00000000e0000000, 0x00000000e5420000, 0x00000000eaaa0000)
  eden space 68992K, 100% used [0x00000000e0000000, 0x00000000e4360000, 0x00000000e4360000)
  from space 8576K,  50% used [0x00000000e4bc0000, 0x00000000e5002668, 0x00000000e5420000)
  to   space 8576K,   0% used [0x00000000e4360000, 0x00000000e4360000, 0x00000000e4bc0000)
 tenured generation   total 172032K, used 36726K [0x00000000eaaa0000, 0x00000000f52a0000, 0x0000000100000000)
   the space 172032K,  21% used [0x00000000eaaa0000, 0x00000000ece7d8e0, 0x00000000ece7da00, 0x00000000f52a0000)
 Metaspace       used 52193K, capacity 53114K, committed 53464K, reserved 301056K
  class space    used 6498K, capacity 6814K, committed 6912K, reserved 253952K
}
Event: 6.878 GC heap after
{Heap after GC invocations=16 (full 2):
 def new generation   total 77568K, used 4086K [0x00000000e0000000, 0x00000000e5420000, 0x00000000eaaa0000)
  eden space 68992K,   0% used [0x00000000e0000000, 0x00000000e0000000, 0x00000000e4360000)
  from space 8576K,  47% used [0x00000000e4360000, 0x00000000e475d948, 0x00000000e4bc0000)
  to   space 8576K,   0% used [0x00000000e4bc0000, 0x00000000e4bc0000, 0x00000000e5420000)
 tenured generation   total 172032K, used 37810K [0x00000000eaaa0000, 0x00000000f52a0000, 0x0000000100000000)
   the space 172032K,  21% used [0x00000000eaaa0000, 0x00000000ecf8c990, 0x00000000ecf8ca00, 0x00000000f52a0000)
 Metaspace       used 52193K, capacity 53114K, committed 53464K, reserved 301056K
  class space    used 6498K, capacity 6814K, committed 6912K, reserved 253952K
}
Event: 7.026 GC heap before
{Heap before GC invocations=16 (full 2):
 def new generation   total 77568K, used 73078K [0x00000000e0000000, 0x00000000e5420000, 0x00000000eaaa0000)
  eden space 68992K, 100% used [0x00000000e0000000, 0x00000000e4360000, 0x00000000e4360000)
  from space 8576K,  47% used [0x00000000e4360000, 0x00000000e475d9a8, 0x00000000e4bc0000)
  to   space 8576K,   0% used [0x00000000e4bc0000, 0x00000000e4bc0000, 0x00000000e5420000)
 tenured generation   total 172032K, used 37810K [0x00000000eaaa0000, 0x00000000f52a0000, 0x0000000100000000)
   the space 172032K,  21% used [0x00000000eaaa0000, 0x00000000ecf8c990, 0x00000000ecf8ca00, 0x00000000f52a0000)
 Metaspace       used 52872K, capacity 53818K, committed 53976K, reserved 301056K
  class space    used 6578K, capacity 6878K, committed 6912K, reserved 253952K
}
Event: 7.036 GC heap after
{Heap after GC invocations=17 (full 2):
 def new generation   total 77568K, used 6164K [0x00000000e0000000, 0x00000000e5420000, 0x00000000eaaa0000)
  eden space 68992K,   0% used [0x00000000e0000000, 0x00000000e0000000, 0x00000000e4360000)
  from space 8576K,  71% used [0x00000000e4bc0000, 0x00000000e51c50f0, 0x00000000e5420000)
  to   space 8576K,   0% used [0x00000000e4360000, 0x00000000e4360000, 0x00000000e4bc0000)
 tenured generation   total 172032K, used 37810K [0x00000000eaaa0000, 0x00000000f52a0000, 0x0000000100000000)
   the space 172032K,  21% used [0x00000000eaaa0000, 0x00000000ecf8c990, 0x00000000ecf8ca00, 0x00000000f52a0000)
 Metaspace       used 52872K, capacity 53818K, committed 53976K, reserved 301056K
  class space    used 6578K, capacity 6878K, committed 6912K, reserved 253952K
}
Event: 7.036 GC heap before
{Heap before GC invocations=17 (full 2):
 def new generation   total 77568K, used 6499K [0x00000000e0000000, 0x00000000e5420000, 0x00000000eaaa0000)
  eden space 68992K,   0% used [0x00000000e0000000, 0x00000000e0053bb8, 0x00000000e4360000)
  from space 8576K,  71% used [0x00000000e4bc0000, 0x00000000e51c50f0, 0x00000000e5420000)
  to   space 8576K,   0% used [0x00000000e4360000, 0x00000000e4360000, 0x00000000e4bc0000)
 tenured generation   total 172032K, used 37810K [0x00000000eaaa0000, 0x00000000f52a0000, 0x0000000100000000)
   the space 172032K,  21% used [0x00000000eaaa0000, 0x00000000ecf8c990, 0x00000000ecf8ca00, 0x00000000f52a0000)
 Metaspace       used 52872K, capacity 53818K, committed 53976K, reserved 301056K
  class space    used 6578K, capacity 6878K, committed 6912K, reserved 253952K
}
Event: 7.050 GC heap after
{Heap after GC invocations=18 (full 2):
 def new generation   total 77568K, used 4249K [0x00000000e0000000, 0x00000000e5420000, 0x00000000eaaa0000)
  eden space 68992K,   0% used [0x00000000e0000000, 0x00000000e0000000, 0x00000000e4360000)
  from space 8576K,  49% used [0x00000000e4360000, 0x00000000e47866b8, 0x00000000e4bc0000)
  to   space 8576K,   0% used [0x00000000e4bc0000, 0x00000000e4bc0000, 0x00000000e5420000)
 tenured generation   total 172032K, used 39724K [0x00000000eaaa0000, 0x00000000f52a0000, 0x0000000100000000)
   the space 172032K,  23% used [0x00000000eaaa0000, 0x00000000ed16b3e8, 0x00000000ed16b400, 0x00000000f52a0000)
 Metaspace       used 52872K, capacity 53818K, committed 53976K, reserved 301056K
  class space    used 6578K, capacity 6878K, committed 6912K, reserved 253952K
}

